<?xml version="1.0" encoding="UTF-8"?>
<!-- Generated by org.testng.reporters.JUnitReportReporter -->
<testsuite skipped="0" hostname="WIN-21H667V2AE1" name="org.cloudmantra.api.postsample" tests="1" failures="0" timestamp="11 Jul 2018 08:58:42 GMT" time="1.998" errors="0">
  <testcase name="RegistrationSuccessful" time="1.998" classname="org.cloudmantra.api.postsample"/>
</testsuite> <!-- org.cloudmantra.api.postsample -->
