<?xml version="1.0" encoding="UTF-8"?>
<!-- Generated by org.testng.reporters.JUnitReportReporter -->
<testsuite skipped="0" hostname="WIN-21H667V2AE1" name="org.cloudmantra.api.getunittypes" tests="1" failures="0" timestamp="26 Jul 2018 06:57:10 GMT" time="2499.616" errors="0">
  <testcase name="getdevices" time="2499.616" classname="org.cloudmantra.api.getunittypes"/>
</testsuite> <!-- org.cloudmantra.api.getunittypes -->
